android-agent/app/build/intermediates/manifest_merge_blame_file/debug/processDebugMainManifest/manifest-merger-blame-debug-report.txt
1<?xml version="1.0" encoding="utf-8"?>
2<manifest xmlns:android="http://schemas.android.com/apk/res/android"
3    package="com.crm.whatsagent"
4    android:versionCode="1"
5    android:versionName="1.0.0" >
6
7    <uses-sdk
8        android:minSdkVersion="29"
9        android:targetSdkVersion="34" />
10
11    <!-- ── Network ─────────────────────────────────────────────── -->
12    <uses-permission android:name="android.permission.INTERNET" />
12-->src\main\AndroidManifest.xml:6:5-67
12-->src\main\AndroidManifest.xml:6:22-64
13    <uses-permission android:name="android.permission.ACCESS_NETWORK_STATE" />
13-->src\main\AndroidManifest.xml:7:5-79
13-->src\main\AndroidManifest.xml:7:22-76
14    <uses-permission android:name="android.permission.CHANGE_NETWORK_STATE" />
14-->src\main\AndroidManifest.xml:8:5-79
14-->src\main\AndroidManifest.xml:8:22-76
15
16    <!-- ── Foreground service ──────────────────────────────────── -->
17    <uses-permission android:name="android.permission.FOREGROUND_SERVICE" />
17-->src\main\AndroidManifest.xml:11:5-77
17-->src\main\AndroidManifest.xml:11:22-74
18    <!-- Android 14: declare the foreground service type -->
19    <uses-permission android:name="android.permission.FOREGROUND_SERVICE_CONNECTED_DEVICE" />
19-->src\main\AndroidManifest.xml:13:5-94
19-->src\main\AndroidManifest.xml:13:22-91
20
21    <!-- ── Battery optimization bypass ────────────────────────── -->
22    <uses-permission android:name="android.permission.REQUEST_IGNORE_BATTERY_OPTIMIZATIONS" />
22-->src\main\AndroidManifest.xml:16:5-95
22-->src\main\AndroidManifest.xml:16:22-92
23
24    <!-- ── Boot receiver ───────────────────────────────────────── -->
25    <uses-permission android:name="android.permission.RECEIVE_BOOT_COMPLETED" />
25-->src\main\AndroidManifest.xml:19:5-81
25-->src\main\AndroidManifest.xml:19:22-78
26
27    <!-- ── Notifications (Android 13+) ────────────────────────── -->
28    <uses-permission android:name="android.permission.POST_NOTIFICATIONS" />
28-->src\main\AndroidManifest.xml:22:5-77
28-->src\main\AndroidManifest.xml:22:22-74
29
30    <!-- ── Vibrate (for local notification) ───────────────────── -->
31    <uses-permission android:name="android.permission.VIBRATE" />
31-->src\main\AndroidManifest.xml:25:5-66
31-->src\main\AndroidManifest.xml:25:22-63
32
33    <!-- ── Wake lock + dismiss keyguard (auto-send while screen off) ── -->
34    <uses-permission android:name="android.permission.WAKE_LOCK" />
34-->src\main\AndroidManifest.xml:28:5-68
34-->src\main\AndroidManifest.xml:28:22-65
35    <uses-permission android:name="android.permission.DISABLE_KEYGUARD" />
35-->src\main\AndroidManifest.xml:29:5-75
35-->src\main\AndroidManifest.xml:29:22-72
36    <uses-permission android:name="android.permission.TURN_SCREEN_ON" />
36-->src\main\AndroidManifest.xml:30:5-73
36-->src\main\AndroidManifest.xml:30:22-70
37
38    <!-- ── Package visibility: needed to see WhatsApp (API 30+) ── -->
39    <queries>
39-->src\main\AndroidManifest.xml:33:5-36:15
40        <package android:name="com.whatsapp" />
40-->src\main\AndroidManifest.xml:34:9-48
40-->src\main\AndroidManifest.xml:34:18-45
41        <package android:name="com.whatsapp.w4b" />
41-->src\main\AndroidManifest.xml:35:9-52
41-->src\main\AndroidManifest.xml:35:18-49
42    </queries>
43
44    <permission
44-->[androidx.core:core:1.12.0] AndroidManifest.xml:22:5-24:47
45        android:name="com.crm.whatsagent.DYNAMIC_RECEIVER_NOT_EXPORTED_PERMISSION"
45-->[androidx.core:core:1.12.0] AndroidManifest.xml:23:9-81
46        android:protectionLevel="signature" />
46-->[androidx.core:core:1.12.0] AndroidManifest.xml:24:9-44
47
48    <uses-permission android:name="com.crm.whatsagent.DYNAMIC_RECEIVER_NOT_EXPORTED_PERMISSION" />
48-->[androidx.core:core:1.12.0] AndroidManifest.xml:26:5-97
48-->[androidx.core:core:1.12.0] AndroidManifest.xml:26:22-94
49
50    <application
50-->src\main\AndroidManifest.xml:38:5-122:19
51        android:name="com.crm.whatsagent.CrmAgentApp"
51-->src\main\AndroidManifest.xml:39:9-36
52        android:allowBackup="false"
52-->src\main\AndroidManifest.xml:40:9-36
53        android:appComponentFactory="androidx.core.app.CoreComponentFactory"
53-->[androidx.core:core:1.12.0] AndroidManifest.xml:28:18-86
54        android:debuggable="true"
55        android:extractNativeLibs="false"
56        android:icon="@mipmap/ic_launcher"
56-->src\main\AndroidManifest.xml:41:9-43
57        android:label="@string/app_name"
57-->src\main\AndroidManifest.xml:42:9-41
58        android:networkSecurityConfig="@xml/network_security_config"
58-->src\main\AndroidManifest.xml:46:9-69
59        android:roundIcon="@mipmap/ic_launcher_round"
59-->src\main\AndroidManifest.xml:43:9-54
60        android:supportsRtl="true"
60-->src\main\AndroidManifest.xml:44:9-35
61        android:theme="@style/Theme.CrmAgent"
61-->src\main\AndroidManifest.xml:45:9-46
62        android:usesCleartextTraffic="true" >
62-->src\main\AndroidManifest.xml:47:9-44
63
64        <!-- ── Main activity ─────────────────────────────────── -->
65        <activity
65-->src\main\AndroidManifest.xml:51:9-59:20
66            android:name="com.crm.whatsagent.MainActivity"
66-->src\main\AndroidManifest.xml:52:13-41
67            android:exported="true"
67-->src\main\AndroidManifest.xml:53:13-36
68            android:launchMode="singleTop" >
68-->src\main\AndroidManifest.xml:54:13-43
69            <intent-filter>
69-->src\main\AndroidManifest.xml:55:13-58:29
70                <action android:name="android.intent.action.MAIN" />
70-->src\main\AndroidManifest.xml:56:17-69
70-->src\main\AndroidManifest.xml:56:25-66
71
72                <category android:name="android.intent.category.LAUNCHER" />
72-->src\main\AndroidManifest.xml:57:17-77
72-->src\main\AndroidManifest.xml:57:27-74
73            </intent-filter>
74        </activity>
75
76        <!-- ── Foreground Agent Service ──────────────────────── -->
77        <service
77-->src\main\AndroidManifest.xml:62:9-66:44
78            android:name="com.crm.whatsagent.services.AgentForegroundService"
78-->src\main\AndroidManifest.xml:63:13-60
79            android:exported="false"
79-->src\main\AndroidManifest.xml:64:13-37
80            android:foregroundServiceType="connectedDevice"
80-->src\main\AndroidManifest.xml:65:13-60
81            android:stopWithTask="false" />
81-->src\main\AndroidManifest.xml:66:13-41
82
83        <!-- ── Wake activity (turns screen on, dismisses keyguard, finishes) ── -->
84        <activity
84-->src\main\AndroidManifest.xml:69:9-77:45
85            android:name="com.crm.whatsagent.WakeActivity"
85-->src\main\AndroidManifest.xml:70:13-41
86            android:excludeFromRecents="true"
86-->src\main\AndroidManifest.xml:72:13-46
87            android:exported="false"
87-->src\main\AndroidManifest.xml:71:13-37
88            android:noHistory="true"
88-->src\main\AndroidManifest.xml:73:13-37
89            android:showOnLockScreen="true"
89-->src\main\AndroidManifest.xml:75:13-44
90            android:showWhenLocked="true"
90-->src\main\AndroidManifest.xml:77:13-42
91            android:theme="@android:style/Theme.Translucent.NoTitleBar"
91-->src\main\AndroidManifest.xml:74:13-72
92            android:turnScreenOn="true" />
92-->src\main\AndroidManifest.xml:76:13-40
93
94        <!-- ── NotificationListenerService ───────────────────── -->
95        <!--
96            The user must enable this in:
97            Settings → Apps → Special app access → Notification access
98        -->
99        <service
99-->src\main\AndroidManifest.xml:84:9-92:19
100            android:name="com.crm.whatsagent.services.WhatsAppNotificationListener"
100-->src\main\AndroidManifest.xml:85:13-66
101            android:exported="true"
101-->src\main\AndroidManifest.xml:86:13-36
102            android:label="@string/app_name"
102-->src\main\AndroidManifest.xml:87:13-45
103            android:permission="android.permission.BIND_NOTIFICATION_LISTENER_SERVICE" >
103-->src\main\AndroidManifest.xml:88:13-87
104            <intent-filter>
104-->src\main\AndroidManifest.xml:89:13-91:29
105                <action android:name="android.service.notification.NotificationListenerService" />
105-->src\main\AndroidManifest.xml:90:17-99
105-->src\main\AndroidManifest.xml:90:25-96
106            </intent-filter>
107        </service>
108
109        <!-- ── AccessibilityService ──────────────────────────── -->
110        <!--
111            The user must enable this in:
112            Settings → Accessibility → Installed apps → CRM Agent
113        -->
114        <service
114-->src\main\AndroidManifest.xml:99:9-110:19
115            android:name="com.crm.whatsagent.services.WhatsAppAccessibilityService"
115-->src\main\AndroidManifest.xml:100:13-66
116            android:exported="true"
116-->src\main\AndroidManifest.xml:101:13-36
117            android:label="@string/app_name"
117-->src\main\AndroidManifest.xml:102:13-45
118            android:permission="android.permission.BIND_ACCESSIBILITY_SERVICE" >
118-->src\main\AndroidManifest.xml:103:13-79
119            <intent-filter>
119-->src\main\AndroidManifest.xml:104:13-106:29
120                <action android:name="android.accessibilityservice.AccessibilityService" />
120-->src\main\AndroidManifest.xml:105:17-92
120-->src\main\AndroidManifest.xml:105:25-89
121            </intent-filter>
122
123            <meta-data
123-->src\main\AndroidManifest.xml:107:13-109:72
124                android:name="android.accessibilityservice"
124-->src\main\AndroidManifest.xml:108:17-60
125                android:resource="@xml/accessibility_service_config" />
125-->src\main\AndroidManifest.xml:109:17-69
126        </service>
127
128        <!-- ── Boot receiver ──────────────────────────────────── -->
129        <receiver
129-->src\main\AndroidManifest.xml:113:9-120:20
130            android:name="com.crm.whatsagent.receivers.BootReceiver"
130-->src\main\AndroidManifest.xml:114:13-51
131            android:exported="true" >
131-->src\main\AndroidManifest.xml:115:13-36
132            <intent-filter android:priority="999" >
132-->src\main\AndroidManifest.xml:116:13-119:29
132-->src\main\AndroidManifest.xml:116:28-50
133                <action android:name="android.intent.action.BOOT_COMPLETED" />
133-->src\main\AndroidManifest.xml:117:17-79
133-->src\main\AndroidManifest.xml:117:25-76
134                <action android:name="android.intent.action.MY_PACKAGE_REPLACED" />
134-->src\main\AndroidManifest.xml:118:17-84
134-->src\main\AndroidManifest.xml:118:25-81
135            </intent-filter>
136        </receiver>
137
138        <provider
138-->[androidx.emoji2:emoji2:1.2.0] AndroidManifest.xml:24:9-32:20
139            android:name="androidx.startup.InitializationProvider"
139-->[androidx.emoji2:emoji2:1.2.0] AndroidManifest.xml:25:13-67
140            android:authorities="com.crm.whatsagent.androidx-startup"
140-->[androidx.emoji2:emoji2:1.2.0] AndroidManifest.xml:26:13-68
141            android:exported="false" >
141-->[androidx.emoji2:emoji2:1.2.0] AndroidManifest.xml:27:13-37
142            <meta-data
142-->[androidx.emoji2:emoji2:1.2.0] AndroidManifest.xml:29:13-31:52
143                android:name="androidx.emoji2.text.EmojiCompatInitializer"
143-->[androidx.emoji2:emoji2:1.2.0] AndroidManifest.xml:30:17-75
144                android:value="androidx.startup" />
144-->[androidx.emoji2:emoji2:1.2.0] AndroidManifest.xml:31:17-49
145            <meta-data
145-->[androidx.work:work-runtime:2.9.0] AndroidManifest.xml:34:13-36:52
146                android:name="androidx.work.WorkManagerInitializer"
146-->[androidx.work:work-runtime:2.9.0] AndroidManifest.xml:35:17-68
147                android:value="androidx.startup" />
147-->[androidx.work:work-runtime:2.9.0] AndroidManifest.xml:36:17-49
148            <meta-data
148-->[androidx.lifecycle:lifecycle-process:2.7.0] AndroidManifest.xml:29:13-31:52
149                android:name="androidx.lifecycle.ProcessLifecycleInitializer"
149-->[androidx.lifecycle:lifecycle-process:2.7.0] AndroidManifest.xml:30:17-78
150                android:value="androidx.startup" />
150-->[androidx.lifecycle:lifecycle-process:2.7.0] AndroidManifest.xml:31:17-49
151            <meta-data
151-->[androidx.profileinstaller:profileinstaller:1.3.0] AndroidManifest.xml:29:13-31:52
152                android:name="androidx.profileinstaller.ProfileInstallerInitializer"
152-->[androidx.profileinstaller:profileinstaller:1.3.0] AndroidManifest.xml:30:17-85
153                android:value="androidx.startup" />
153-->[androidx.profileinstaller:profileinstaller:1.3.0] AndroidManifest.xml:31:17-49
154        </provider>
155
156        <service
156-->[androidx.work:work-runtime:2.9.0] AndroidManifest.xml:39:9-45:35
157            android:name="androidx.work.impl.background.systemalarm.SystemAlarmService"
157-->[androidx.work:work-runtime:2.9.0] AndroidManifest.xml:40:13-88
158            android:directBootAware="false"
158-->[androidx.work:work-runtime:2.9.0] AndroidManifest.xml:41:13-44
159            android:enabled="@bool/enable_system_alarm_service_default"
159-->[androidx.work:work-runtime:2.9.0] AndroidManifest.xml:42:13-72
160            android:exported="false" />
160-->[androidx.work:work-runtime:2.9.0] AndroidManifest.xml:43:13-37
161        <service
161-->[androidx.work:work-runtime:2.9.0] AndroidManifest.xml:46:9-52:35
162            android:name="androidx.work.impl.background.systemjob.SystemJobService"
162-->[androidx.work:work-runtime:2.9.0] AndroidManifest.xml:47:13-84
163            android:directBootAware="false"
163-->[androidx.work:work-runtime:2.9.0] AndroidManifest.xml:48:13-44
164            android:enabled="@bool/enable_system_job_service_default"
164-->[androidx.work:work-runtime:2.9.0] AndroidManifest.xml:49:13-70
165            android:exported="true"
165-->[androidx.work:work-runtime:2.9.0] AndroidManifest.xml:50:13-36
166            android:permission="android.permission.BIND_JOB_SERVICE" />
166-->[androidx.work:work-runtime:2.9.0] AndroidManifest.xml:51:13-69
167        <service
167-->[androidx.work:work-runtime:2.9.0] AndroidManifest.xml:53:9-59:35
168            android:name="androidx.work.impl.foreground.SystemForegroundService"
168-->[androidx.work:work-runtime:2.9.0] AndroidManifest.xml:54:13-81
169            android:directBootAware="false"
169-->[androidx.work:work-runtime:2.9.0] AndroidManifest.xml:55:13-44
170            android:enabled="@bool/enable_system_foreground_service_default"
170-->[androidx.work:work-runtime:2.9.0] AndroidManifest.xml:56:13-77
171            android:exported="false" />
171-->[androidx.work:work-runtime:2.9.0] AndroidManifest.xml:57:13-37
172
173        <receiver
173-->[androidx.work:work-runtime:2.9.0] AndroidManifest.xml:61:9-66:35
174            android:name="androidx.work.impl.utils.ForceStopRunnable$BroadcastReceiver"
174-->[androidx.work:work-runtime:2.9.0] AndroidManifest.xml:62:13-88
175            android:directBootAware="false"
175-->[androidx.work:work-runtime:2.9.0] AndroidManifest.xml:63:13-44
176            android:enabled="true"
176-->[androidx.work:work-runtime:2.9.0] AndroidManifest.xml:64:13-35
177            android:exported="false" />
177-->[androidx.work:work-runtime:2.9.0] AndroidManifest.xml:65:13-37
178        <receiver
178-->[androidx.work:work-runtime:2.9.0] AndroidManifest.xml:67:9-77:20
179            android:name="androidx.work.impl.background.systemalarm.ConstraintProxy$BatteryChargingProxy"
179-->[androidx.work:work-runtime:2.9.0] AndroidManifest.xml:68:13-106
180            android:directBootAware="false"
180-->[androidx.work:work-runtime:2.9.0] AndroidManifest.xml:69:13-44
181            android:enabled="false"
181-->[androidx.work:work-runtime:2.9.0] AndroidManifest.xml:70:13-36
182            android:exported="false" >
182-->[androidx.work:work-runtime:2.9.0] AndroidManifest.xml:71:13-37
183            <intent-filter>
183-->[androidx.work:work-runtime:2.9.0] AndroidManifest.xml:73:13-76:29
184                <action android:name="android.intent.action.ACTION_POWER_CONNECTED" />
184-->[androidx.work:work-runtime:2.9.0] AndroidManifest.xml:74:17-87
184-->[androidx.work:work-runtime:2.9.0] AndroidManifest.xml:74:25-84
185                <action android:name="android.intent.action.ACTION_POWER_DISCONNECTED" />
185-->[androidx.work:work-runtime:2.9.0] AndroidManifest.xml:75:17-90
185-->[androidx.work:work-runtime:2.9.0] AndroidManifest.xml:75:25-87
186            </intent-filter>
187        </receiver>
188        <receiver
188-->[androidx.work:work-runtime:2.9.0] AndroidManifest.xml:78:9-88:20
189            android:name="androidx.work.impl.background.systemalarm.ConstraintProxy$BatteryNotLowProxy"
189-->[androidx.work:work-runtime:2.9.0] AndroidManifest.xml:79:13-104
190            android:directBootAware="false"
190-->[androidx.work:work-runtime:2.9.0] AndroidManifest.xml:80:13-44
191            android:enabled="false"
191-->[androidx.work:work-runtime:2.9.0] AndroidManifest.xml:81:13-36
192            android:exported="false" >
192-->[androidx.work:work-runtime:2.9.0] AndroidManifest.xml:82:13-37
193            <intent-filter>
193-->[androidx.work:work-runtime:2.9.0] AndroidManifest.xml:84:13-87:29
194                <action android:name="android.intent.action.BATTERY_OKAY" />
194-->[androidx.work:work-runtime:2.9.0] AndroidManifest.xml:85:17-77
194-->[androidx.work:work-runtime:2.9.0] AndroidManifest.xml:85:25-74
195                <action android:name="android.intent.action.BATTERY_LOW" />
195-->[androidx.work:work-runtime:2.9.0] AndroidManifest.xml:86:17-76
195-->[androidx.work:work-runtime:2.9.0] AndroidManifest.xml:86:25-73
196            </intent-filter>
197        </receiver>
198        <receiver
198-->[androidx.work:work-runtime:2.9.0] AndroidManifest.xml:89:9-99:20
199            android:name="androidx.work.impl.background.systemalarm.ConstraintProxy$StorageNotLowProxy"
199-->[androidx.work:work-runtime:2.9.0] AndroidManifest.xml:90:13-104
200            android:directBootAware="false"
200-->[androidx.work:work-runtime:2.9.0] AndroidManifest.xml:91:13-44
201            android:enabled="false"
201-->[androidx.work:work-runtime:2.9.0] AndroidManifest.xml:92:13-36
202            android:exported="false" >
202-->[androidx.work:work-runtime:2.9.0] AndroidManifest.xml:93:13-37
203            <intent-filter>
203-->[androidx.work:work-runtime:2.9.0] AndroidManifest.xml:95:13-98:29
204                <action android:name="android.intent.action.DEVICE_STORAGE_LOW" />
204-->[androidx.work:work-runtime:2.9.0] AndroidManifest.xml:96:17-83
204-->[androidx.work:work-runtime:2.9.0] AndroidManifest.xml:96:25-80
205                <action android:name="android.intent.action.DEVICE_STORAGE_OK" />
205-->[androidx.work:work-runtime:2.9.0] AndroidManifest.xml:97:17-82
205-->[androidx.work:work-runtime:2.9.0] AndroidManifest.xml:97:25-79
206            </intent-filter>
207        </receiver>
208        <receiver
208-->[androidx.work:work-runtime:2.9.0] AndroidManifest.xml:100:9-109:20
209            android:name="androidx.work.impl.background.systemalarm.ConstraintProxy$NetworkStateProxy"
209-->[androidx.work:work-runtime:2.9.0] AndroidManifest.xml:101:13-103
210            android:directBootAware="false"
210-->[androidx.work:work-runtime:2.9.0] AndroidManifest.xml:102:13-44
211            android:enabled="false"
211-->[androidx.work:work-runtime:2.9.0] AndroidManifest.xml:103:13-36
212            android:exported="false" >
212-->[androidx.work:work-runtime:2.9.0] AndroidManifest.xml:104:13-37
213            <intent-filter>
213-->[androidx.work:work-runtime:2.9.0] AndroidManifest.xml:106:13-108:29
214                <action android:name="android.net.conn.CONNECTIVITY_CHANGE" />
214-->[androidx.work:work-runtime:2.9.0] AndroidManifest.xml:107:17-79
214-->[androidx.work:work-runtime:2.9.0] AndroidManifest.xml:107:25-76
215            </intent-filter>
216        </receiver>
217        <receiver
217-->[androidx.work:work-runtime:2.9.0] AndroidManifest.xml:110:9-121:20
218            android:name="androidx.work.impl.background.systemalarm.RescheduleReceiver"
218-->[androidx.work:work-runtime:2.9.0] AndroidManifest.xml:111:13-88
219            android:directBootAware="false"
219-->[androidx.work:work-runtime:2.9.0] AndroidManifest.xml:112:13-44
220            android:enabled="false"
220-->[androidx.work:work-runtime:2.9.0] AndroidManifest.xml:113:13-36
221            android:exported="false" >
221-->[androidx.work:work-runtime:2.9.0] AndroidManifest.xml:114:13-37
222            <intent-filter>
222-->[androidx.work:work-runtime:2.9.0] AndroidManifest.xml:116:13-120:29
223                <action android:name="android.intent.action.BOOT_COMPLETED" />
223-->src\main\AndroidManifest.xml:117:17-79
223-->src\main\AndroidManifest.xml:117:25-76
224                <action android:name="android.intent.action.TIME_SET" />
224-->[androidx.work:work-runtime:2.9.0] AndroidManifest.xml:118:17-73
224-->[androidx.work:work-runtime:2.9.0] AndroidManifest.xml:118:25-70
225                <action android:name="android.intent.action.TIMEZONE_CHANGED" />
225-->[androidx.work:work-runtime:2.9.0] AndroidManifest.xml:119:17-81
225-->[androidx.work:work-runtime:2.9.0] AndroidManifest.xml:119:25-78
226            </intent-filter>
227        </receiver>
228        <receiver
228-->[androidx.work:work-runtime:2.9.0] AndroidManifest.xml:122:9-131:20
229            android:name="androidx.work.impl.background.systemalarm.ConstraintProxyUpdateReceiver"
229-->[androidx.work:work-runtime:2.9.0] AndroidManifest.xml:123:13-99
230            android:directBootAware="false"
230-->[androidx.work:work-runtime:2.9.0] AndroidManifest.xml:124:13-44
231            android:enabled="@bool/enable_system_alarm_service_default"
231-->[androidx.work:work-runtime:2.9.0] AndroidManifest.xml:125:13-72
232            android:exported="false" >
232-->[androidx.work:work-runtime:2.9.0] AndroidManifest.xml:126:13-37
233            <intent-filter>
233-->[androidx.work:work-runtime:2.9.0] AndroidManifest.xml:128:13-130:29
234                <action android:name="androidx.work.impl.background.systemalarm.UpdateProxies" />
234-->[androidx.work:work-runtime:2.9.0] AndroidManifest.xml:129:17-98
234-->[androidx.work:work-runtime:2.9.0] AndroidManifest.xml:129:25-95
235            </intent-filter>
236        </receiver>
237        <receiver
237-->[androidx.work:work-runtime:2.9.0] AndroidManifest.xml:132:9-142:20
238            android:name="androidx.work.impl.diagnostics.DiagnosticsReceiver"
238-->[androidx.work:work-runtime:2.9.0] AndroidManifest.xml:133:13-78
239            android:directBootAware="false"
239-->[androidx.work:work-runtime:2.9.0] AndroidManifest.xml:134:13-44
240            android:enabled="true"
240-->[androidx.work:work-runtime:2.9.0] AndroidManifest.xml:135:13-35
241            android:exported="true"
241-->[androidx.work:work-runtime:2.9.0] AndroidManifest.xml:136:13-36
242            android:permission="android.permission.DUMP" >
242-->[androidx.work:work-runtime:2.9.0] AndroidManifest.xml:137:13-57
243            <intent-filter>
243-->[androidx.work:work-runtime:2.9.0] AndroidManifest.xml:139:13-141:29
244                <action android:name="androidx.work.diagnostics.REQUEST_DIAGNOSTICS" />
244-->[androidx.work:work-runtime:2.9.0] AndroidManifest.xml:140:17-88
244-->[androidx.work:work-runtime:2.9.0] AndroidManifest.xml:140:25-85
245            </intent-filter>
246        </receiver>
247
248        <service
248-->[androidx.room:room-runtime:2.5.0] AndroidManifest.xml:24:9-28:63
249            android:name="androidx.room.MultiInstanceInvalidationService"
249-->[androidx.room:room-runtime:2.5.0] AndroidManifest.xml:25:13-74
250            android:directBootAware="true"
250-->[androidx.room:room-runtime:2.5.0] AndroidManifest.xml:26:13-43
251            android:exported="false" />
251-->[androidx.room:room-runtime:2.5.0] AndroidManifest.xml:27:13-37
252
253        <receiver
253-->[androidx.profileinstaller:profileinstaller:1.3.0] AndroidManifest.xml:34:9-52:20
254            android:name="androidx.profileinstaller.ProfileInstallReceiver"
254-->[androidx.profileinstaller:profileinstaller:1.3.0] AndroidManifest.xml:35:13-76
255            android:directBootAware="false"
255-->[androidx.profileinstaller:profileinstaller:1.3.0] AndroidManifest.xml:36:13-44
256            android:enabled="true"
256-->[androidx.profileinstaller:profileinstaller:1.3.0] AndroidManifest.xml:37:13-35
257            android:exported="true"
257-->[androidx.profileinstaller:profileinstaller:1.3.0] AndroidManifest.xml:38:13-36
258            android:permission="android.permission.DUMP" >
258-->[androidx.profileinstaller:profileinstaller:1.3.0] AndroidManifest.xml:39:13-57
259            <intent-filter>
259-->[androidx.profileinstaller:profileinstaller:1.3.0] AndroidManifest.xml:40:13-42:29
260                <action android:name="androidx.profileinstaller.action.INSTALL_PROFILE" />
260-->[androidx.profileinstaller:profileinstaller:1.3.0] AndroidManifest.xml:41:17-91
260-->[androidx.profileinstaller:profileinstaller:1.3.0] AndroidManifest.xml:41:25-88
261            </intent-filter>
262            <intent-filter>
262-->[androidx.profileinstaller:profileinstaller:1.3.0] AndroidManifest.xml:43:13-45:29
263                <action android:name="androidx.profileinstaller.action.SKIP_FILE" />
263-->[androidx.profileinstaller:profileinstaller:1.3.0] AndroidManifest.xml:44:17-85
263-->[androidx.profileinstaller:profileinstaller:1.3.0] AndroidManifest.xml:44:25-82
264            </intent-filter>
265            <intent-filter>
265-->[androidx.profileinstaller:profileinstaller:1.3.0] AndroidManifest.xml:46:13-48:29
266                <action android:name="androidx.profileinstaller.action.SAVE_PROFILE" />
266-->[androidx.profileinstaller:profileinstaller:1.3.0] AndroidManifest.xml:47:17-88
266-->[androidx.profileinstaller:profileinstaller:1.3.0] AndroidManifest.xml:47:25-85
267            </intent-filter>
268            <intent-filter>
268-->[androidx.profileinstaller:profileinstaller:1.3.0] AndroidManifest.xml:49:13-51:29
269                <action android:name="androidx.profileinstaller.action.BENCHMARK_OPERATION" />
269-->[androidx.profileinstaller:profileinstaller:1.3.0] AndroidManifest.xml:50:17-95
269-->[androidx.profileinstaller:profileinstaller:1.3.0] AndroidManifest.xml:50:25-92
270            </intent-filter>
271        </receiver>
272    </application>
273
274</manifest>